<?xml version="1.0" encoding="UTF-8"?>
<!-- Generated by org.testng.reporters.JUnitReportReporter -->
<testsuite skipped="0" hostname="LAPTOP-FBB7JKOP" name="com.crm.qa.testcases.LoginPageTest" tests="3" failures="0" timestamp="20 Jan 2018 13:53:29 GMT" time="63.046" errors="0">
  <testcase name="pageTitleTest" time="22.568" classname="com.crm.qa.testcases.LoginPageTest"/>
  <testcase name="logoTest" time="20.159" classname="com.crm.qa.testcases.LoginPageTest"/>
  <testcase name="loginTest" time="20.319" classname="com.crm.qa.testcases.LoginPageTest"/>
</testsuite> <!-- com.crm.qa.testcases.LoginPageTest -->
