<?xml version="1.0" encoding="UTF-8"?>
<!-- Generated by org.testng.reporters.JUnitReportReporter -->
<testsuite skipped="0" hostname="LAPTOP-FBB7JKOP" name="com.crm.qa.testcases.ContactsPageTest" tests="1" failures="0" timestamp="14 Jan 2018 17:10:47 GMT" time="32.995" errors="0">
  <testcase name="verifyContactsTitleTest" time="32.995" classname="com.crm.qa.testcases.ContactsPageTest"/>
</testsuite> <!-- com.crm.qa.testcases.ContactsPageTest -->
